0 info it worked if it ends with ok
1 verbose cli [
1 verbose cli   'C:\\Program Files\\nodejs\\node.exe',
1 verbose cli   'C:\\Users\\anasa\\AppData\\Roaming\\npm\\node_modules\\npm\\bin\\npm-cli.js',
1 verbose cli   'install',
1 verbose cli   '-g',
1 verbose cli   'npm@8.2.0'
1 verbose cli ]
2 info using npm@3.10.10
3 info using node@v16.14.0
4 silly loadCurrentTree Starting
5 silly install loadCurrentTree
6 silly install readGlobalPackageData
7 silly fetchPackageMetaData npm@8.2.0
8 silly fetchNamedPackageData npm
9 silly mapToRegistry name npm
10 silly mapToRegistry using default registry
11 silly mapToRegistry registry http://registry.npmjs.org/
12 silly mapToRegistry data Result {
12 silly mapToRegistry   raw: 'npm',
12 silly mapToRegistry   scope: null,
12 silly mapToRegistry   escapedName: 'npm',
12 silly mapToRegistry   name: 'npm',
12 silly mapToRegistry   rawSpec: '',
12 silly mapToRegistry   spec: 'latest',
12 silly mapToRegistry   type: 'tag'
12 silly mapToRegistry }
13 silly mapToRegistry uri http://registry.npmjs.org/npm
14 verbose request uri http://registry.npmjs.org/npm
15 verbose request no auth needed
16 info attempt registry request try #1 at 3:26:55 AM
17 verbose request id fabb31aba2b2fefe
18 verbose etag W/"d55751d7a7bd6d7716b5693ec693a0ee"
19 verbose lastModified Thu, 17 Feb 2022 21:36:53 GMT
20 http request GET http://registry.npmjs.org/npm
21 http 304 http://registry.npmjs.org/npm
22 verbose headers {
22 verbose headers   date: 'Sat, 19 Feb 2022 22:26:57 GMT',
22 verbose headers   connection: 'close',
22 verbose headers   'cf-ray': '6e02eb727d377aaa-MCT',
22 verbose headers   age: '66',
22 verbose headers   'cache-control': 'public, max-age=300',
22 verbose headers   etag: '"d55751d7a7bd6d7716b5693ec693a0ee"',
22 verbose headers   'last-modified': 'Thu, 17 Feb 2022 21:36:53 GMT',
22 verbose headers   vary: 'Accept-Encoding',
22 verbose headers   'cf-cache-status': 'HIT',
22 verbose headers   'expect-ct': 'max-age=604800, report-uri="https://report-uri.cloudflare.com/cdn-cgi/beacon/expect-ct"',
22 verbose headers   'x-amz-replication-status': 'PENDING',
22 verbose headers   server: 'cloudflare'
22 verbose headers }
23 silly get cb [
23 silly get   304,
23 silly get   {
23 silly get     date: 'Sat, 19 Feb 2022 22:26:57 GMT',
23 silly get     connection: 'close',
23 silly get     'cf-ray': '6e02eb727d377aaa-MCT',
23 silly get     age: '66',
23 silly get     'cache-control': 'public, max-age=300',
23 silly get     etag: '"d55751d7a7bd6d7716b5693ec693a0ee"',
23 silly get     'last-modified': 'Thu, 17 Feb 2022 21:36:53 GMT',
23 silly get     vary: 'Accept-Encoding',
23 silly get     'cf-cache-status': 'HIT',
23 silly get     'expect-ct': 'max-age=604800, report-uri="https://report-uri.cloudflare.com/cdn-cgi/beacon/expect-ct"',
23 silly get     'x-amz-replication-status': 'PENDING',
23 silly get     server: 'cloudflare'
23 silly get   }
23 silly get ]
24 verbose etag http://registry.npmjs.org/npm from cache
25 verbose get saving npm to C:\Users\anasa\AppData\Roaming\npm-cache\registry.npmjs.org\npm\.cache.json
26 verbose correctMkdir C:\Users\anasa\AppData\Roaming\npm-cache correctMkdir not in flight; initializing
27 verbose stack TypeError: cb.apply is not a function
27 verbose stack     at C:\Users\anasa\AppData\Roaming\npm\node_modules\npm\node_modules\graceful-fs\polyfills.js:267:18
27 verbose stack     at FSReqCallback.oncomplete (node:fs:199:5)
28 verbose cwd C:\ANAS\MERN\DevConnector
29 error Windows_NT 10.0.19044
30 error argv "C:\\Program Files\\nodejs\\node.exe" "C:\\Users\\anasa\\AppData\\Roaming\\npm\\node_modules\\npm\\bin\\npm-cli.js" "install" "-g" "npm@8.2.0"
31 error node v16.14.0
32 error npm  v3.10.10
33 error cb.apply is not a function
34 error If you need help, you may report this error at:
34 error     <https://github.com/npm/npm/issues>
35 verbose exit [ 1, true ]
